# JRE version: Java(TM) SE Runtime Environment (8.0_202-b08) (build 1.8.0_202-b08)
# Java VM: Java HotSpot(TM) 64-Bit Server VM (25.202-b08 mixed mode windows-amd64 compressed oops)
Heap:
 PSYoungGen      total 178176K, used 4871K [0x0000000755980000, 0x000000076b580000, 0x00000007c0000000)
  eden space 164864K, 2% used [0x0000000755980000,0x0000000755e41fb0,0x000000075fa80000)
  from space 13312K, 0% used [0x000000075fa80000,0x000000075fa80000,0x0000000760780000)
  to   space 13312K, 0% used [0x000000076a880000,0x000000076a880000,0x000000076b580000)
 ParOldGen       total 168960K, used 20624K [0x0000000680c00000, 0x000000068b100000, 0x0000000755980000)
  object space 168960K, 12% used [0x0000000680c00000,0x0000000682024338,0x000000068b100000)
 Metaspace       used 20925K, capacity 21266K, committed 21504K, reserved 1069056K
  class space    used 2694K, capacity 2767K, committed 2816K, reserved 1048576K
GC Heap History (8 events):
Event: 0.618 GC heap before
{Heap before GC invocations=1 (full 0):
 PSYoungGen      total 95744K, used 82432K [0x0000000755980000, 0x000000075c400000, 0x00000007c0000000)
  eden space 82432K, 100% used [0x0000000755980000,0x000000075aa00000,0x000000075aa00000)
  from space 13312K, 0% used [0x000000075b700000,0x000000075b700000,0x000000075c400000)
  to   space 13312K, 0% used [0x000000075aa00000,0x000000075aa00000,0x000000075b700000)
 ParOldGen       total 218624K, used 0K [0x0000000680c00000, 0x000000068e180000, 0x0000000755980000)
  object space 218624K, 0% used [0x0000000680c00000,0x0000000680c00000,0x000000068e180000)
 Metaspace       used 9076K, capacity 9224K, committed 9472K, reserved 1056768K
  class space    used 1113K, capacity 1172K, committed 1280K, reserved 1048576K
Event: 0.625 GC heap after
Heap after GC invocations=1 (full 0):
 PSYoungGen      total 95744K, used 13292K [0x0000000755980000, 0x0000000761480000, 0x00000007c0000000)
  eden space 82432K, 0% used [0x0000000755980000,0x0000000755980000,0x000000075aa00000)
  from space 13312K, 99% used [0x000000075aa00000,0x000000075b6fb0d0,0x000000075b700000)
  to   space 13312K, 0% used [0x0000000760780000,0x0000000760780000,0x0000000761480000)
 ParOldGen       total 218624K, used 2117K [0x0000000680c00000, 0x000000068e180000, 0x0000000755980000)
  object space 218624K, 0% used [0x0000000680c00000,0x0000000680e11730,0x000000068e180000)
 Metaspace       used 9076K, capacity 9224K, committed 9472K, reserved 1056768K
  class space    used 1113K, capacity 1172K, committed 1280K, reserved 1048576K
}
Event: 1.452 GC heap before
{Heap before GC invocations=2 (full 0):
 PSYoungGen      total 95744K, used 95724K [0x0000000755980000, 0x0000000761480000, 0x00000007c0000000)
  eden space 82432K, 100% used [0x0000000755980000,0x000000075aa00000,0x000000075aa00000)
  from space 13312K, 99% used [0x000000075aa00000,0x000000075b6fb0d0,0x000000075b700000)
  to   space 13312K, 0% used [0x0000000760780000,0x0000000760780000,0x0000000761480000)
 ParOldGen       total 218624K, used 2117K [0x0000000680c00000, 0x000000068e180000, 0x0000000755980000)
  object space 218624K, 0% used [0x0000000680c00000,0x0000000680e11730,0x000000068e180000)
 Metaspace       used 18447K, capacity 18656K, committed 18944K, reserved 1064960K
  class space    used 2435K, capacity 2510K, committed 2560K, reserved 1048576K
Event: 1.464 GC heap after
Heap after GC invocations=2 (full 0):
 PSYoungGen      total 178176K, used 13300K [0x0000000755980000, 0x0000000761480000, 0x00000007c0000000)
  eden space 164864K, 0% used [0x0000000755980000,0x0000000755980000,0x000000075fa80000)
  from space 13312K, 99% used [0x0000000760780000,0x000000076147d020,0x0000000761480000)
  to   space 13312K, 0% used [0x000000075fa80000,0x000000075fa80000,0x0000000760780000)
 ParOldGen       total 218624K, used 13794K [0x0000000680c00000, 0x000000068e180000, 0x0000000755980000)
  object space 218624K, 6% used [0x0000000680c00000,0x0000000681978808,0x000000068e180000)
 Metaspace       used 18447K, capacity 18656K, committed 18944K, reserved 1064960K
  class space    used 2435K, capacity 2510K, committed 2560K, reserved 1048576K
}
Event: 2.168 GC heap before
{Heap before GC invocations=3 (full 0):
 PSYoungGen      total 178176K, used 53132K [0x0000000755980000, 0x0000000761480000, 0x00000007c0000000)
  eden space 164864K, 24% used [0x0000000755980000,0x0000000758066340,0x000000075fa80000)
  from space 13312K, 99% used [0x0000000760780000,0x000000076147d020,0x0000000761480000)
  to   space 13312K, 0% used [0x000000075fa80000,0x000000075fa80000,0x0000000760780000)
 ParOldGen       total 218624K, used 13794K [0x0000000680c00000, 0x000000068e180000, 0x0000000755980000)
  object space 218624K, 6% used [0x0000000680c00000,0x0000000681978808,0x000000068e180000)
 Metaspace       used 20907K, capacity 21138K, committed 21248K, reserved 1067008K
  class space    used 2688K, capacity 2767K, committed 2816K, reserved 1048576K
Event: 2.179 GC heap after
Heap after GC invocations=3 (full 0):
 PSYoungGen      total 178176K, used 13296K [0x0000000755980000, 0x000000076b580000, 0x00000007c0000000)
  eden space 164864K, 0% used [0x0000000755980000,0x0000000755980000,0x000000075fa80000)
  from space 13312K, 99% used [0x000000075fa80000,0x000000076077c148,0x0000000760780000)
  to   space 13312K, 0% used [0x000000076a880000,0x000000076a880000,0x000000076b580000)
 ParOldGen       total 218624K, used 17007K [0x0000000680c00000, 0x000000068e180000, 0x0000000755980000)
  object space 218624K, 7% used [0x0000000680c00000,0x0000000681c9bff0,0x000000068e180000)
 Metaspace       used 20907K, capacity 21138K, committed 21248K, reserved 1067008K
  class space    used 2688K, capacity 2767K, committed 2816K, reserved 1048576K
}
Event: 2.179 GC heap before
{Heap before GC invocations=4 (full 1):
 PSYoungGen      total 178176K, used 13296K [0x0000000755980000, 0x000000076b580000, 0x00000007c0000000)
  eden space 164864K, 0% used [0x0000000755980000,0x0000000755980000,0x000000075fa80000)
  from space 13312K, 99% used [0x000000075fa80000,0x000000076077c148,0x0000000760780000)
  to   space 13312K, 0% used [0x000000076a880000,0x000000076a880000,0x000000076b580000)
 ParOldGen       total 218624K, used 17007K [0x0000000680c00000, 0x000000068e180000, 0x0000000755980000)
  object space 218624K, 7% used [0x0000000680c00000,0x0000000681c9bff0,0x000000068e180000)
 Metaspace       used 20907K, capacity 21138K, committed 21248K, reserved 1067008K
  class space    used 2688K, capacity 2767K, committed 2816K, reserved 1048576K
Event: 2.231 GC heap after
Heap after GC invocations=4 (full 1):
 PSYoungGen      total 178176K, used 0K [0x0000000755980000, 0x000000076b580000, 0x00000007c0000000)
  eden space 164864K, 0% used [0x0000000755980000,0x0000000755980000,0x000000075fa80000)
  from space 13312K, 0% used [0x000000075fa80000,0x000000075fa80000,0x0000000760780000)
  to   space 13312K, 0% used [0x000000076a880000,0x000000076a880000,0x000000076b580000)
 ParOldGen       total 168960K, used 20624K [0x0000000680c00000, 0x000000068b100000, 0x0000000755980000)
  object space 168960K, 12% used [0x0000000680c00000,0x0000000682024338,0x000000068b100000)
 Metaspace       used 20907K, capacity 21138K, committed 21248K, reserved 1067008K
  class space    used 2688K, capacity 2767K, committed 2816K, reserved 1048576K
}

